--2024-08-19 15:08:42--  ftp://ftp.sra.ebi.ac.uk/vol1/fastq/SRR286/069/SRR28642269/SRR28642269_1.fastq.gz
           => ‘SRR28642269_1.fastq.gz’
Resolving ftp.sra.ebi.ac.uk (ftp.sra.ebi.ac.uk)... 193.62.193.165
Connecting to ftp.sra.ebi.ac.uk (ftp.sra.ebi.ac.uk)|193.62.193.165|:21... connected.
Logging in as anonymous ... Logged in!
==> SYST ... done.    ==> PWD ... done.
==> TYPE I ... done.  ==> CWD (1) /vol1/fastq/SRR286/069/SRR28642269 ... done.
==> SIZE SRR28642269_1.fastq.gz ... 8143136
==> PASV ... done.    ==> RETR SRR28642269_1.fastq.gz ... done.
Length: 8143136 (7.8M) (unauthoritative)

     0K .......... .......... .......... .......... ..........  0% 85.2K 93s
    50K .......... .......... .......... .......... ..........  1%  215K 64s
   100K .......... .......... .......... .......... ..........  1%  923K 45s
   150K .......... .......... .......... .......... ..........  2% 14.6M 34s
   200K .......... .......... .......... .......... ..........  3%  226K 34s
   250K .......... .......... .......... .......... ..........  3% 9.97M 28s
   300K .......... .......... .......... .......... ..........  4% 9.74M 24s
   350K .......... .......... .......... .......... ..........  5% 24.2M 21s
   400K .......... .......... .......... .......... ..........  5%  294K 21s
   450K .......... .......... .......... .......... ..........  6% 1.12M 20s
   500K .......... .......... .......... .......... ..........  6% 2.55M 18s
   550K .......... .......... .......... .......... ..........  7% 18.6M 16s
   600K .......... .......... .......... .......... ..........  8% 2.17M 15s
   650K .......... .......... .......... .......... ..........  8% 16.6M 14s
   700K .......... .......... .......... .......... ..........  9% 3.49M 13s
   750K .......... .......... .......... .......... .......... 10% 17.5M 12s
   800K .......... .......... .......... .......... .......... 10% 17.6M 12s
   850K .......... .......... .......... .......... .......... 11%  400K 12s
   900K .......... .......... .......... .......... .......... 11% 16.2M 11s
   950K .......... .......... .......... .......... .......... 12% 1.39M 11s
  1000K .......... .......... .......... .......... .......... 13%  605K 11s
  1050K .......... .......... .......... .......... .......... 13% 5.94M 10s
  1100K .......... .......... .......... .......... .......... 14% 8.48M 10s
  1150K .......... .......... .......... .......... .......... 15% 20.8M 9s
  1200K .......... .......... .......... .......... .......... 15% 5.19M 9s
  1250K .......... .......... .......... .......... .......... 16% 18.4M 9s
  1300K .......... .......... .......... .......... .......... 16% 8.79M 8s
  1350K .......... .......... .......... .......... .......... 17% 14.5M 8s
  1400K .......... .......... .......... .......... .......... 18% 19.1M 8s
  1450K .......... .......... .......... .......... .......... 18% 17.1M 7s
  1500K .......... .......... .......... .......... .......... 19% 17.3M 7s
  1550K .......... .......... .......... .......... .......... 20% 6.61M 7s
  1600K .......... .......... .......... .......... .......... 20% 7.06M 6s
  1650K .......... .......... .......... .......... .......... 21% 29.6M 6s
  1700K .......... .......... .......... .......... .......... 22% 14.7M 6s
  1750K .......... .......... .......... .......... .......... 22%  704K 6s
  1800K .......... .......... .......... .......... .......... 23% 6.37M 6s
  1850K .......... .......... .......... .......... .......... 23% 11.9M 6s
  1900K .......... .......... .......... .......... .......... 24% 11.3M 6s
  1950K .......... .......... .......... .......... .......... 25% 13.4M 5s
  2000K .......... .......... .......... .......... .......... 25%  661K 5s
  2050K .......... .......... .......... .......... .......... 26% 9.40M 5s
  2100K .......... .......... .......... .......... .......... 27% 1.46M 5s
  2150K .......... .......... .......... .......... .......... 27% 6.66M 5s
  2200K .......... .......... .......... .......... .......... 28% 9.91M 5s
  2250K .......... .......... .......... .......... .......... 28% 26.6M 5s
  2300K .......... .......... .......... .......... .......... 29% 18.0M 5s
  2350K .......... .......... .......... .......... .......... 30% 15.9M 4s
  2400K .......... .......... .......... .......... .......... 30% 15.7M 4s
  2450K .......... .......... .......... .......... .......... 31% 9.75M 4s
  2500K .......... .......... .......... .......... .......... 32% 17.6M 4s
  2550K .......... .......... .......... .......... .......... 32% 4.58M 4s
  2600K .......... .......... .......... .......... .......... 33% 18.6M 4s
  2650K .......... .......... .......... .......... .......... 33% 17.1M 4s
  2700K .......... .......... .......... .......... .......... 34% 17.8M 4s
  2750K .......... .......... .......... .......... .......... 35% 15.8M 4s
  2800K .......... .......... .......... .......... .......... 35% 4.42M 4s
  2850K .......... .......... .......... .......... .......... 36% 96.1M 3s
  2900K .......... .......... .......... .......... .......... 37% 20.1M 3s
  2950K .......... .......... .......... .......... .......... 37% 17.6M 3s
  3000K .......... .......... .......... .......... .......... 38% 15.2M 3s
  3050K .......... .......... .......... .......... .......... 38% 14.6M 3s
  3100K .......... .......... .......... .......... .......... 39% 10.1M 3s
  3150K .......... .......... .......... .......... .......... 40% 17.8M 3s
  3200K .......... .......... .......... .......... .......... 40% 22.8M 3s
  3250K .......... .......... .......... .......... .......... 41% 13.7M 3s
  3300K .......... .......... .......... .......... .......... 42% 18.0M 3s
  3350K .......... .......... .......... .......... .......... 42% 16.7M 3s
  3400K .......... .......... .......... .......... .......... 43% 17.5M 3s
  3450K .......... .......... .......... .......... .......... 44% 16.1M 3s
  3500K .......... .......... .......... .......... .......... 44% 9.26M 2s
  3550K .......... .......... .......... .......... .......... 45% 22.2M 2s
  3600K .......... .......... .......... .......... .......... 45% 17.0M 2s
  3650K .......... .......... .......... .......... .......... 46% 19.6M 2s
  3700K .......... .......... .......... .......... .......... 47% 12.1M 2s
  3750K .......... .......... .......... .......... .......... 47% 9.58M 2s
  3800K .......... .......... .......... .......... .......... 48% 17.5M 2s
  3850K .......... .......... .......... .......... .......... 49% 7.23M 2s
  3900K .......... .......... .......... .......... .......... 49% 18.5M 2s
  3950K .......... .......... .......... .......... .......... 50% 18.3M 2s
  4000K .......... .......... .......... .......... .......... 50% 7.24M 2s
  4050K .......... .......... .......... .......... .......... 51% 1.18M 2s
  4100K .......... .......... .......... .......... .......... 52% 7.30M 2s
  4150K .......... .......... .......... .......... .......... 52% 8.93M 2s
  4200K .......... .......... .......... .......... .......... 53% 2.24M 2s
  4250K .......... .......... .......... .......... .......... 54% 10.7M 2s
  4300K .......... .......... .......... .......... .......... 54% 4.48M 2s
  4350K .......... .......... .......... .......... .......... 55% 9.01M 2s
  4400K .......... .......... .......... .......... .......... 55% 8.45M 2s
  4450K .......... .......... .......... .......... .......... 56%  484K 2s
  4500K .......... .......... .......... .......... .......... 57% 21.5M 2s
  4550K .......... .......... .......... .......... .......... 57% 15.8M 2s
  4600K .......... .......... .......... .......... .......... 58% 17.7M 2s
  4650K .......... .......... .......... .......... .......... 59% 4.49M 2s
  4700K .......... .......... .......... .......... .......... 59% 7.02M 2s
  4750K .......... .......... .......... .......... .......... 60% 15.4M 2s
  4800K .......... .......... .......... .......... .......... 60%  127M 1s
  4850K .......... .......... .......... .......... .......... 61% 38.2M 1s
  4900K .......... .......... .......... .......... .......... 62% 9.81M 1s
  4950K .......... .......... .......... .......... .......... 62% 15.5M 1s
  5000K .......... .......... .......... .......... .......... 63% 16.0M 1s
  5050K .......... .......... .......... .......... .......... 64% 17.5M 1s
  5100K .......... .......... .......... .......... .......... 64% 17.1M 1s
  5150K .......... .......... .......... .......... .......... 65% 14.9M 1s
  5200K .......... .......... .......... .......... .......... 66% 11.5M 1s
  5250K .......... .......... .......... .......... .......... 66% 19.5M 1s
  5300K .......... .......... .......... .......... .......... 67% 16.4M 1s
  5350K .......... .......... .......... .......... .......... 67% 17.6M 1s
  5400K .......... .......... .......... .......... .......... 68% 7.01M 1s
  5450K .......... .......... .......... .......... .......... 69% 13.9M 1s
  5500K .......... .......... .......... .......... .......... 69% 3.82M 1s
  5550K .......... .......... .......... .......... .......... 70%  180M 1s
  5600K .......... .......... .......... .......... .......... 71%  196M 1s
  5650K .......... .......... .......... .......... .......... 71%  174M 1s
  5700K .......... .......... .......... .......... .......... 72% 94.3M 1s
  5750K .......... .......... .......... .......... .......... 72% 8.19M 1s
  5800K .......... .......... .......... .......... .......... 73% 5.98M 1s
  5850K .......... .......... .......... .......... .......... 74%  136M 1s
  5900K .......... .......... .......... .......... .......... 74% 5.86M 1s
  5950K .......... .......... .......... .......... .......... 75% 17.5M 1s
  6000K .......... .......... .......... .......... .......... 76% 4.10M 1s
  6050K .......... .......... .......... .......... .......... 76% 12.6M 1s
  6100K .......... .......... .......... .......... .......... 77% 16.1M 1s
  6150K .......... .......... .......... .......... .......... 77% 16.6M 1s
  6200K .......... .......... .......... .......... .......... 78% 20.4M 1s
  6250K .......... .......... .......... .......... .......... 79% 15.2M 1s
  6300K .......... .......... .......... .......... .......... 79% 14.0M 1s
  6350K .......... .......... .......... .......... .......... 80% 18.0M 1s
  6400K .......... .......... .......... .......... .......... 81% 9.97M 1s
  6450K .......... .......... .......... .......... .......... 81% 6.87M 1s
  6500K .......... .......... .......... .......... .......... 82% 21.2M 1s
  6550K .......... .......... .......... .......... .......... 82% 7.43M 0s
  6600K .......... .......... .......... .......... .......... 83%  150M 0s
  6650K .......... .......... .......... .......... .......... 84% 23.5M 0s
  6700K .......... .......... .......... .......... .......... 84% 16.1M 0s
  6750K .......... .......... .......... .......... .......... 85% 7.99M 0s
  6800K .......... .......... .......... .......... .......... 86% 17.8M 0s
  6850K .......... .......... .......... .......... .......... 86% 11.0M 0s
  6900K .......... .......... .......... .......... .......... 87% 30.6M 0s
  6950K .......... .......... .......... .......... .......... 88% 16.4M 0s
  7000K .......... .......... .......... .......... .......... 88% 20.1M 0s
  7050K .......... .......... .......... .......... .......... 89% 7.22M 0s
  7100K .......... .......... .......... .......... .......... 89% 28.1M 0s
  7150K .......... .......... .......... .......... .......... 90% 13.6M 0s
  7200K .......... .......... .......... .......... .......... 91% 5.61M 0s
  7250K .......... .......... .......... .......... .......... 91% 5.02M 0s
  7300K .......... .......... .......... .......... .......... 92% 24.4M 0s
  7350K .......... .......... .......... .......... .......... 93% 10.0M 0s
  7400K .......... .......... .......... .......... .......... 93% 14.1M 0s
  7450K .......... .......... .......... .......... .......... 94% 41.0M 0s
  7500K .......... .......... .......... .......... .......... 94% 8.33M 0s
  7550K .......... .......... .......... .......... .......... 95% 9.05M 0s
  7600K .......... .......... .......... .......... .......... 96% 23.2M 0s
  7650K .......... .......... .......... .......... .......... 96% 3.65M 0s
  7700K .......... .......... .......... .......... .......... 97% 2.81M 0s
  7750K .......... .......... .......... .......... .......... 98% 16.8M 0s
  7800K .......... .......... .......... .......... .......... 98% 2.97M 0s
  7850K .......... .......... .......... .......... .......... 99% 5.81M 0s
  7900K .......... .......... .......... .......... .......... 99%  110M 0s
  7950K ..                                                    100% 4.25T=2.6s

2024-08-19 15:08:48 (3.03 MB/s) - ‘SRR28642269_1.fastq.gz’ saved [8143136]

--2024-08-19 15:08:48--  ftp://ftp.sra.ebi.ac.uk/vol1/fastq/SRR286/069/SRR28642269/SRR28642269_2.fastq.gz
           => ‘SRR28642269_2.fastq.gz’
Resolving ftp.sra.ebi.ac.uk (ftp.sra.ebi.ac.uk)... 193.62.193.165
Connecting to ftp.sra.ebi.ac.uk (ftp.sra.ebi.ac.uk)|193.62.193.165|:21... connected.
Logging in as anonymous ... Logged in!
==> SYST ... done.    ==> PWD ... done.
==> TYPE I ... done.  ==> CWD (1) /vol1/fastq/SRR286/069/SRR28642269 ... done.
==> SIZE SRR28642269_2.fastq.gz ... 8379070
==> PASV ... done.    ==> RETR SRR28642269_2.fastq.gz ... done.
Length: 8379070 (8.0M) (unauthoritative)

     0K .......... .......... .......... .......... ..........  0% 85.5K 95s
    50K .......... .......... .......... .......... ..........  1%  228K 65s
   100K .......... .......... .......... .......... ..........  1% 3.44M 44s
   150K .......... .......... .......... .......... ..........  2% 20.9M 33s
   200K .......... .......... .......... .......... ..........  3%  236K 33s
   250K .......... .......... .......... .......... ..........  3% 5.68M 27s
   300K .......... .......... .......... .......... ..........  4% 10.3M 23s
   350K .......... .......... .......... .......... ..........  4% 19.4M 20s
   400K .......... .......... .......... .......... ..........  5%  248K 21s
   450K .......... .......... .......... .......... ..........  6% 6.74M 19s
   500K .......... .......... .......... .......... ..........  6% 6.05M 18s
   550K .......... .......... .......... .......... ..........  7% 12.7M 16s
   600K .......... .......... .......... .......... ..........  7% 6.29M 15s
   650K .......... .......... .......... .......... ..........  8% 17.1M 14s
   700K .......... .......... .......... .......... ..........  9% 7.75M 13s
   750K .......... .......... .......... .......... ..........  9% 27.9M 12s
   800K .......... .......... .......... .......... .......... 10% 8.48M 11s
   850K .......... .......... .......... .......... .......... 10%  281K 12s
   900K .......... .......... .......... .......... .......... 11% 4.67M 11s
   950K .......... .......... .......... .......... .......... 12% 17.1M 11s
  1000K .......... .......... .......... .......... .......... 12% 1.31M 10s
  1050K .......... .......... .......... .......... .......... 13% 11.3M 10s
  1100K .......... .......... .......... .......... .......... 14% 10.5M 9s
  1150K .......... .......... .......... .......... .......... 14% 31.8M 9s
  1200K .......... .......... .......... .......... .......... 15% 15.8M 9s
  1250K .......... .......... .......... .......... .......... 15% 13.9M 8s
  1300K .......... .......... .......... .......... .......... 16% 9.85M 8s
  1350K .......... .......... .......... .......... .......... 17% 15.9M 7s
  1400K .......... .......... .......... .......... .......... 17% 10.5M 7s
  1450K .......... .......... .......... .......... .......... 18%  311K 8s
  1500K .......... .......... .......... .......... .......... 18% 7.44M 7s
  1550K .......... .......... .......... .......... .......... 19% 18.6M 7s
  1600K .......... .......... .......... .......... .......... 20% 2.19M 7s
  1650K .......... .......... .......... .......... .......... 20% 1.84M 7s
  1700K .......... .......... .......... .......... .......... 21% 6.40M 7s
  1750K .......... .......... .......... .......... .......... 21% 18.0M 6s
  1800K .......... .......... .......... .......... .......... 22% 16.1M 6s
  1850K .......... .......... .......... .......... .......... 23% 9.89M 6s
  1900K .......... .......... .......... .......... .......... 23% 5.23M 6s
  1950K .......... .......... .......... .......... .......... 24% 18.2M 6s
  2000K .......... .......... .......... .......... .......... 25% 5.90M 5s
  2050K .......... .......... .......... .......... .......... 25% 15.4M 5s
  2100K .......... .......... .......... .......... .......... 26%  375K 5s
  2150K .......... .......... .......... .......... .......... 26% 10.3M 5s
  2200K .......... .......... .......... .......... .......... 27% 7.66M 5s
  2250K .......... .......... .......... .......... .......... 28% 1.60M 5s
  2300K .......... .......... .......... .......... .......... 28% 1019K 5s
  2350K .......... .......... .......... .......... .......... 29% 8.54M 5s
  2400K .......... .......... .......... .......... .......... 29% 18.8M 5s
  2450K .......... .......... .......... .......... .......... 30% 16.4M 5s
  2500K .......... .......... .......... .......... .......... 31% 9.31M 5s
  2550K .......... .......... .......... .......... .......... 31% 16.7M 4s
  2600K .......... .......... .......... .......... .......... 32% 18.6M 4s
  2650K .......... .......... .......... .......... .......... 32% 16.6M 4s
  2700K .......... .......... .......... .......... .......... 33% 15.4M 4s
  2750K .......... .......... .......... .......... .......... 34%  500K 4s
  2800K .......... .......... .......... .......... .......... 34% 3.99M 4s
  2850K .......... .......... .......... .......... .......... 35% 10.7M 4s
  2900K .......... .......... .......... .......... .......... 36% 3.13M 4s
  2950K .......... .......... .......... .......... .......... 36% 1.52M 4s
  3000K .......... .......... .......... .......... .......... 37%  840K 4s
  3050K .......... .......... .......... .......... .......... 37% 17.8M 4s
  3100K .......... .......... .......... .......... .......... 38% 18.6M 4s
  3150K .......... .......... .......... .......... .......... 39% 16.4M 4s
  3200K .......... .......... .......... .......... .......... 39% 7.27M 3s
  3250K .......... .......... .......... .......... .......... 40% 17.8M 3s
  3300K .......... .......... .......... .......... .......... 40% 17.1M 3s
  3350K .......... .......... .......... .......... .......... 41% 17.3M 3s
  3400K .......... .......... .......... .......... .......... 42%  947K 3s
  3450K .......... .......... .......... .......... .......... 42% 1.84M 3s
  3500K .......... .......... .......... .......... .......... 43% 3.54M 3s
  3550K .......... .......... .......... .......... .......... 43% 6.61M 3s
  3600K .......... .......... .......... .......... .......... 44% 2.28M 3s
  3650K .......... .......... .......... .......... .......... 45% 2.43M 3s
  3700K .......... .......... .......... .......... .......... 45%  557K 3s
  3750K .......... .......... .......... .......... .......... 46% 9.76M 3s
  3800K .......... .......... .......... .......... .......... 47% 20.6M 3s
  3850K .......... .......... .......... .......... .......... 47% 16.4M 3s
  3900K .......... .......... .......... .......... .......... 48% 19.4M 3s
  3950K .......... .......... .......... .......... .......... 48% 14.7M 3s
  4000K .......... .......... .......... .......... .......... 49% 16.3M 3s
  4050K .......... .......... .......... .......... .......... 50% 17.0M 3s
  4100K .......... .......... .......... .......... .......... 50% 12.2M 2s
  4150K .......... .......... .......... .......... .......... 51% 1.27M 2s
  4200K .......... .......... .......... .......... .......... 51% 2.71M 2s
  4250K .......... .......... .......... .......... .......... 52% 2.52M 2s
  4300K .......... .......... .......... .......... .......... 53% 8.67M 2s
  4350K .......... .......... .......... .......... .......... 53% 2.36M 2s
  4400K .......... .......... .......... .......... .......... 54% 1.32M 2s
  4450K .......... .......... .......... .......... .......... 54%  838K 2s
  4500K .......... .......... .......... .......... .......... 55% 1.78M 2s
  4550K .......... .......... .......... .......... .......... 56% 20.0M 2s
  4600K .......... .......... .......... .......... .......... 56% 17.3M 2s
  4650K .......... .......... .......... .......... .......... 57% 15.5M 2s
  4700K .......... .......... .......... .......... .......... 58% 5.62M 2s
  4750K .......... .......... .......... .......... .......... 58% 19.1M 2s
  4800K .......... .......... .......... .......... .......... 59% 6.01M 2s
  4850K .......... .......... .......... .......... .......... 59% 33.6M 2s
  4900K .......... .......... .......... .......... .......... 60% 2.44M 2s
  4950K .......... .......... .......... .......... .......... 61% 9.53M 2s
  5000K .......... .......... .......... .......... .......... 61% 2.76M 2s
  5050K .......... .......... .......... .......... .......... 62% 5.42M 2s
  5100K .......... .......... .......... .......... .......... 62% 9.62M 2s
  5150K .......... .......... .......... .......... .......... 63% 1.36M 2s
  5200K .......... .......... .......... .......... .......... 64%  727K 2s
  5250K .......... .......... .......... .......... .......... 64% 4.97M 2s
  5300K .......... .......... .......... .......... .......... 65%  793K 2s
  5350K .......... .......... .......... .......... .......... 65% 17.3M 2s
  5400K .......... .......... .......... .......... .......... 66% 17.8M 2s
  5450K .......... .......... .......... .......... .......... 67% 15.3M 1s
  5500K .......... .......... .......... .......... .......... 67% 10.4M 1s
  5550K .......... .......... .......... .......... .......... 68% 13.9M 1s
  5600K .......... .......... .......... .......... .......... 69% 15.2M 1s
  5650K .......... .......... .......... .......... .......... 69% 9.01M 1s
  5700K .......... .......... .......... .......... .......... 70% 15.0M 1s
  5750K .......... .......... .......... .......... .......... 70% 27.7M 1s
  5800K .......... .......... .......... .......... .......... 71% 10.9M 1s
  5850K .......... .......... .......... .......... .......... 72% 18.4M 1s
  5900K .......... .......... .......... .......... .......... 72% 9.22M 1s
  5950K .......... .......... .......... .......... .......... 73% 1.87M 1s
  6000K .......... .......... .......... .......... .......... 73% 1.39M 1s
  6050K .......... .......... .......... .......... .......... 74%  872K 1s
  6100K .......... .......... .......... .......... .......... 75%  523K 1s
  6150K .......... .......... .......... .......... .......... 75% 38.3M 1s
  6200K .......... .......... .......... .......... .......... 76% 5.27M 1s
  6250K .......... .......... .......... .......... .......... 76% 15.9M 1s
  6300K .......... .......... .......... .......... .......... 77% 9.71M 1s
  6350K .......... .......... .......... .......... .......... 78% 6.88M 1s
  6400K .......... .......... .......... .......... .......... 78% 6.80M 1s
  6450K .......... .......... .......... .......... .......... 79% 8.33M 1s
  6500K .......... .......... .......... .......... .......... 80% 79.5M 1s
  6550K .......... .......... .......... .......... .......... 80%  138M 1s
  6600K .......... .......... .......... .......... .......... 81% 31.0M 1s
  6650K .......... .......... .......... .......... .......... 81% 14.7M 1s
  6700K .......... .......... .......... .......... .......... 82% 12.3M 1s
  6750K .......... .......... .......... .......... .......... 83% 20.5M 1s
  6800K .......... .......... .......... .......... .......... 83% 6.50M 1s
  6850K .......... .......... .......... .......... .......... 84% 3.66M 1s
  6900K .......... .......... .......... .......... .......... 84%  758K 1s
  6950K .......... .......... .......... .......... .......... 85%  364K 1s
  7000K .......... .......... .......... .......... .......... 86% 6.55M 1s
  7050K .......... .......... .......... .......... .......... 86% 18.6M 1s
  7100K .......... .......... .......... .......... .......... 87% 17.4M 1s
  7150K .......... .......... .......... .......... .......... 87% 16.5M 0s
  7200K .......... .......... .......... .......... .......... 88% 16.0M 0s
  7250K .......... .......... .......... .......... .......... 89% 17.1M 0s
  7300K .......... .......... .......... .......... .......... 89% 18.0M 0s
  7350K .......... .......... .......... .......... .......... 90% 17.0M 0s
  7400K .......... .......... .......... .......... .......... 91% 3.49M 0s
  7450K .......... .......... .......... .......... .......... 91% 16.4M 0s
  7500K .......... .......... .......... .......... .......... 92% 6.04M 0s
  7550K .......... .......... .......... .......... .......... 92% 5.62M 0s
  7600K .......... .......... .......... .......... .......... 93%  147M 0s
  7650K .......... .......... .......... .......... .......... 94% 19.8M 0s
  7700K .......... .......... .......... .......... .......... 94% 17.1M 0s
  7750K .......... .......... .......... .......... .......... 95% 5.02M 0s
  7800K .......... .......... .......... .......... .......... 95% 5.12M 0s
  7850K .......... .......... .......... .......... .......... 96%  370K 0s
  7900K .......... .......... .......... .......... .......... 97% 1.15M 0s
  7950K .......... .......... .......... .......... .......... 97% 11.5M 0s
  8000K .......... .......... .......... .......... .......... 98% 17.8M 0s
  8050K .......... .......... .......... .......... .......... 98% 8.56M 0s
  8100K .......... .......... .......... .......... .......... 99% 75.5M 0s
  8150K .......... .......... .......... ..                   100% 8.74M=3.9s

2024-08-19 15:08:55 (2.06 MB/s) - ‘SRR28642269_2.fastq.gz’ saved [8379070]

